1547603164751	mozrunner::runner	INFO	Running command: "/usr/bin/firefox" "-marionette" "-headless" "-foreground" "-no-remote" "-profile" "/tmp/rust_mozprofile.m6HfYXqO8XBc"
*** You are running in headless mode.
1547603164996	addons.webextension.screenshots@mozilla.org	WARN	Loading extension 'screenshots@mozilla.org': Reading manifest: Invalid host permission: resource://pdf.js/
1547603164996	addons.webextension.screenshots@mozilla.org	WARN	Loading extension 'screenshots@mozilla.org': Reading manifest: Invalid host permission: about:reader*
1547603165961	Marionette	INFO	Listening on port 43839
1547603166078	Marionette	WARN	TLS certificate errors will be ignored for this session
console.error: BroadcastService: 
  receivedBroadcastMessage: handler for
  remote-settings/monitor_changes
  threw error:
  Message: Error: Polling for changes failed: NetworkError when attempting to fetch resource..
  Stack:
    remoteSettingsFunction/remoteSettings.pollChanges@resource://services-settings/remote-settings.js:750:13


(/usr/lib/firefox/firefox:32714): dconf-WARNING **: 14:46:30.755: Unable to open /var/lib/snapd/desktop/dconf/profile/user: Permission denied
1547603193740	Marionette	INFO	Stopped listening on port 43839
[Parent 32528, Gecko_IOThread] WARNING: pipe error (68): Connection reset by peer: file /build/firefox-wWf_B4/firefox-64.0+build3/ipc/chromium/src/chrome/common/ipc_channel_posix.cc, line 363
[Child 32714, Chrome_ChildThread] WARNING: pipe error: Broken pipe: file /build/firefox-wWf_B4/firefox-64.0+build3/ipc/chromium/src/chrome/common/ipc_channel_posix.cc, line 736
[Child 32714, Chrome_ChildThread] WARNING: pipe error: Broken pipe: file /build/firefox-wWf_B4/firefox-64.0+build3/ipc/chromium/src/chrome/common/ipc_channel_posix.cc, line 736
[Child 32714, Chrome_ChildThread] WARNING: pipe error: Broken pipe: file /build/firefox-wWf_B4/firefox-64.0+build3/ipc/chromium/src/chrome/common/ipc_channel_posix.cc, line 736
[Child 32714, Chrome_ChildThread] WARNING: pipe error: Broken pipe: file /build/firefox-wWf_B4/firefox-64.0+build3/ipc/chromium/src/chrome/common/ipc_channel_posix.cc, line 736
[Child 32714, Chrome_ChildThread] WARNING: pipe error: Broken pipe: file /build/firefox-wWf_B4/firefox-64.0+build3/ipc/chromium/src/chrome/common/ipc_channel_posix.cc, line 736
[Child 32714, Chrome_ChildThread] WARNING: pipe error: Broken pipe: file /build/firefox-wWf_B4/firefox-64.0+build3/ipc/chromium/src/chrome/common/ipc_channel_posix.cc, line 736
[Child 32714, Chrome_ChildThread] WARNING: pipe error: Broken pipe: file /build/firefox-wWf_B4/firefox-64.0+build3/ipc/chromium/src/chrome/common/ipc_channel_posix.cc, line 736
[Child 32714, Chrome_ChildThread] WARNING: pipe error: Broken pipe: file /build/firefox-wWf_B4/firefox-64.0+build3/ipc/chromium/src/chrome/common/ipc_channel_posix.cc, line 736
[Child 32714, Chrome_ChildThread] WARNING: pipe error: Broken pipe: file /build/firefox-wWf_B4/firefox-64.0+build3/ipc/chromium/src/chrome/common/ipc_channel_posix.cc, line 736
[Child 32714, Chrome_ChildThread] WARNING: pipe error: Broken pipe: file /build/firefox-wWf_B4/firefox-64.0+build3/ipc/chromium/src/chrome/common/ipc_channel_posix.cc, line 736
[Child 32714, Chrome_ChildThread] WARNING: pipe error: Broken pipe: file /build/firefox-wWf_B4/firefox-64.0+build3/ipc/chromium/src/chrome/common/ipc_channel_posix.cc, line 736
[Child 32714, Chrome_ChildThread] WARNING: pipe error: Broken pipe: file /build/firefox-wWf_B4/firefox-64.0+build3/ipc/chromium/src/chrome/common/ipc_channel_posix.cc, line 736
[Child 32714, Chrome_ChildThread] WARNING: pipe error: Broken pipe: file /build/firefox-wWf_B4/firefox-64.0+build3/ipc/chromium/src/chrome/common/ipc_channel_posix.cc, line 736
[Child 32714, Chrome_ChildThread] WARNING: pipe error: Broken pipe: file /build/firefox-wWf_B4/firefox-64.0+build3/ipc/chromium/src/chrome/common/ipc_channel_posix.cc, line 736
[Child 32714, Chrome_ChildThread] WARNING: pipe error: Broken pipe: file /build/firefox-wWf_B4/firefox-64.0+build3/ipc/chromium/src/chrome/common/ipc_channel_posix.cc, line 736
[Child 32714, Chrome_ChildThread] WARNING: pipe error: Broken pipe: file /build/firefox-wWf_B4/firefox-64.0+build3/ipc/chromium/src/chrome/common/ipc_channel_posix.cc, line 736
[Child 32714, Chrome_ChildThread] WARNING: pipe error: Broken pipe: file /build/firefox-wWf_B4/firefox-64.0+build3/ipc/chromium/src/chrome/common/ipc_channel_posix.cc, line 736
[Child 32714, Chrome_ChildThread] WARNING: pipe error: Broken pipe: file /build/firefox-wWf_B4/firefox-64.0+build3/ipc/chromium/src/chrome/common/ipc_channel_posix.cc, line 736
[Child 32714, Chrome_ChildThread] WARNING: pipe error: Broken pipe: file /build/firefox-wWf_B4/firefox-64.0+build3/ipc/chromium/src/chrome/common/ipc_channel_posix.cc, line 736
[Child 32714, Chrome_ChildThread] WARNING: pipe error: Broken pipe: file /build/firefox-wWf_B4/firefox-64.0+build3/ipc/chromium/src/chrome/common/ipc_channel_posix.cc, line 736
[Child 32714, Chrome_ChildThread] WARNING: pipe error: Broken pipe: file /build/firefox-wWf_B4/firefox-64.0+build3/ipc/chromium/src/chrome/common/ipc_channel_posix.cc, line 736
[Child 32714, Chrome_ChildThread] WARNING: pipe error: Broken pipe: file /build/firefox-wWf_B4/firefox-64.0+build3/ipc/chromium/src/chrome/common/ipc_channel_posix.cc, line 736
[Child 32714, Chrome_ChildThread] WARNING: pipe error: Broken pipe: file /build/firefox-wWf_B4/firefox-64.0+build3/ipc/chromium/src/chrome/common/ipc_channel_posix.cc, line 736
[Child 32714, Chrome_ChildThread] WARNING: pipe error: Broken pipe: file /build/firefox-wWf_B4/firefox-64.0+build3/ipc/chromium/src/chrome/common/ipc_channel_posix.cc, line 736
[Child 32714, Chrome_ChildThread] WARNING: pipe error: Broken pipe: file /build/firefox-wWf_B4/firefox-64.0+build3/ipc/chromium/src/chrome/common/ipc_channel_posix.cc, line 736
[Child 32714, Chrome_ChildThread] WARNING: pipe error: Broken pipe: file /build/firefox-wWf_B4/firefox-64.0+build3/ipc/chromium/src/chrome/common/ipc_channel_posix.cc, line 736
[Child 32714, Chrome_ChildThread] WARNING: pipe error: Broken pipe: file /build/firefox-wWf_B4/firefox-64.0+build3/ipc/chromium/src/chrome/common/ipc_channel_posix.cc, line 736
[Child 32714, Chrome_ChildThread] WARNING: pipe error: Broken pipe: file /build/firefox-wWf_B4/firefox-64.0+build3/ipc/chromium/src/chrome/common/ipc_channel_posix.cc, line 736
[Child 32714, Chrome_ChildThread] WARNING: pipe error: Broken pipe: file /build/firefox-wWf_B4/firefox-64.0+build3/ipc/chromium/src/chrome/common/ipc_channel_posix.cc, line 736
[Child 32714, Chrome_ChildThread] WARNING: pipe error: Broken pipe: file /build/firefox-wWf_B4/firefox-64.0+build3/ipc/chromium/src/chrome/common/ipc_channel_posix.cc, line 736
[Child 32714, Chrome_ChildThread] WARNING: pipe error: Broken pipe: file /build/firefox-wWf_B4/firefox-64.0+build3/ipc/chromium/src/chrome/common/ipc_channel_posix.cc, line 736
[Child 32714, Chrome_ChildThread] WARNING: pipe error: Broken pipe: file /build/firefox-wWf_B4/firefox-64.0+build3/ipc/chromium/src/chrome/common/ipc_channel_posix.cc, line 736
[Child 32714, Chrome_ChildThread] WARNING: pipe error: Broken pipe: file /build/firefox-wWf_B4/firefox-64.0+build3/ipc/chromium/src/chrome/common/ipc_channel_posix.cc, line 736
[Child 32714, Chrome_ChildThread] WARNING: pipe error: Broken pipe: file /build/firefox-wWf_B4/firefox-64.0+build3/ipc/chromium/src/chrome/common/ipc_channel_posix.cc, line 736
[Child 32714, Chrome_ChildThread] WARNING: pipe error: Broken pipe: file /build/firefox-wWf_B4/firefox-64.0+build3/ipc/chromium/src/chrome/common/ipc_channel_posix.cc, line 736

###!!! [Child][MessageChannel] Error: (msgtype=0x3000B8,name=PContent::Msg_ScriptError) Channel closing: too late to send/recv, messages will be lost

JavaScript error: , line 0: InvalidStateError: An attempt was made to use an object that is not, or is no longer, usable
1547605846697	mozrunner::runner	INFO	Running command: "/usr/bin/firefox" "-marionette" "-headless" "-foreground" "-no-remote" "-profile" "/tmp/rust_mozprofile.nO0Da2Jmy13U"
*** You are running in headless mode.
1547605847091	addons.webextension.screenshots@mozilla.org	WARN	Loading extension 'screenshots@mozilla.org': Reading manifest: Invalid host permission: resource://pdf.js/
1547605847091	addons.webextension.screenshots@mozilla.org	WARN	Loading extension 'screenshots@mozilla.org': Reading manifest: Invalid host permission: about:reader*
1547605848588	Marionette	INFO	Listening on port 44773
1547605848617	Marionette	WARN	TLS certificate errors will be ignored for this session
1547605864893	mozrunner::runner	INFO	Running command: "/usr/bin/firefox" "-marionette" "-headless" "-foreground" "-no-remote" "-profile" "/tmp/rust_mozprofile.BiykxvDVtVx9"
*** You are running in headless mode.
1547605865412	addons.webextension.screenshots@mozilla.org	WARN	Loading extension 'screenshots@mozilla.org': Reading manifest: Invalid host permission: resource://pdf.js/
1547605865413	addons.webextension.screenshots@mozilla.org	WARN	Loading extension 'screenshots@mozilla.org': Reading manifest: Invalid host permission: about:reader*
1547605867312	Marionette	INFO	Listening on port 35315
1547605867412	Marionette	WARN	TLS certificate errors will be ignored for this session
console.error: BroadcastService: 
  receivedBroadcastMessage: handler for
  remote-settings/monitor_changes
  threw error:
  Message: Error: Polling for changes failed: NetworkError when attempting to fetch resource..
  Stack:
    remoteSettingsFunction/remoteSettings.pollChanges@resource://services-settings/remote-settings.js:750:13


(/usr/lib/firefox/firefox:5911): dconf-WARNING **: 15:31:10.304: Unable to open /var/lib/snapd/desktop/dconf/profile/user: Permission denied
1547605874261	Marionette	INFO	Stopped listening on port 44773
[Parent 5730, Gecko_IOThread] WARNING: pipe error (68): Connection reset by peer: file /build/firefox-wWf_B4/firefox-64.0+build3/ipc/chromium/src/chrome/common/ipc_channel_posix.cc, line 363
JavaScript error: resource://gre/modules/WebProgressChild.jsm, line 58: TypeError: this.mm.content is null
JavaScript error: , line 0: InvalidStateError: An attempt was made to use an object that is not, or is no longer, usable

###!!! [Child][RunMessage] Error: Channel closing: too late to send/recv, messages will be lost


###!!! [Child][RunMessage] Error: Channel closing: too late to send/recv, messages will be lost


###!!! [Child][RunMessage] Error: Channel closing: too late to send/recv, messages will be lost


###!!! [Child][RunMessage] Error: Channel closing: too late to send/recv, messages will be lost


###!!! [Child][RunMessage] Error: Channel closing: too late to send/recv, messages will be lost


###!!! [Child][MessageChannel] Error: (msgtype=0x3000B8,name=PContent::Msg_ScriptError) Channel closing: too late to send/recv, messages will be lost


###!!! [Child][RunMessage] Error: Channel closing: too late to send/recv, messages will be lost


###!!! [Child][RunMessage] Error: Channel closing: too late to send/recv, messages will be lost


###!!! [Child][RunMessage] Error: Channel closing: too late to send/recv, messages will be lost


###!!! [Child][RunMessage] Error: Channel closing: too late to send/recv, messages will be lost

console.error: BroadcastService: 
  receivedBroadcastMessage: handler for
  remote-settings/monitor_changes
  threw error:
  Message: Error: Polling for changes failed: NetworkError when attempting to fetch resource..
  Stack:
    remoteSettingsFunction/remoteSettings.pollChanges@resource://services-settings/remote-settings.js:750:13


(/usr/lib/firefox/firefox:6550): dconf-WARNING **: 15:31:28.480: Unable to open /var/lib/snapd/desktop/dconf/profile/user: Permission denied
1547605892269	Marionette	INFO	Stopped listening on port 35315
[Parent 6377, Gecko_IOThread] WARNING: pipe error (67): Connection reset by peer: file /build/firefox-wWf_B4/firefox-64.0+build3/ipc/chromium/src/chrome/common/ipc_channel_posix.cc, line 363
JavaScript error: , line 0: InvalidStateError: An attempt was made to use an object that is not, or is no longer, usable

###!!! [Child][MessageChannel] Error: (msgtype=0x3000B8,name=PContent::Msg_ScriptError) Channel closing: too late to send/recv, messages will be lost


###!!! [Child][RunMessage] Error: Channel closing: too late to send/recv, messages will be lost


###!!! [Child][MessageChannel] Error: (msgtype=0x3000B8,name=PContent::Msg_ScriptError) Channel closing: too late to send/recv, messages will be lost

1548017583449	mozrunner::runner	INFO	Running command: "/usr/bin/firefox" "-marionette" "-headless" "-foreground" "-no-remote" "-profile" "/tmp/rust_mozprofile.94K0xs7J9W6o"
*** You are running in headless mode.
1548017583841	addons.webextension.screenshots@mozilla.org	WARN	Loading extension 'screenshots@mozilla.org': Reading manifest: Invalid host permission: resource://pdf.js/
1548017583841	addons.webextension.screenshots@mozilla.org	WARN	Loading extension 'screenshots@mozilla.org': Reading manifest: Invalid host permission: about:reader*
1548017585261	Marionette	INFO	Listening on port 34351
1548017585362	Marionette	WARN	TLS certificate errors will be ignored for this session
console.error: BroadcastService: 
  receivedBroadcastMessage: handler for
  remote-settings/monitor_changes
  threw error:
  Message: Error: Polling for changes failed: NetworkError when attempting to fetch resource..
  Stack:
    remoteSettingsFunction/remoteSettings.pollChanges@resource://services-settings/remote-settings.js:750:13


(/usr/lib/firefox/firefox:8137): dconf-WARNING **: 09:53:29.111: Unable to open /var/lib/snapd/desktop/dconf/profile/user: Permission denied
1548017612608	Marionette	INFO	Stopped listening on port 34351
[Parent 7940, Gecko_IOThread] WARNING: pipe error (68): Connection reset by peer: file /build/firefox-wWf_B4/firefox-64.0+build3/ipc/chromium/src/chrome/common/ipc_channel_posix.cc, line 363
JavaScript error: resource://gre/modules/WebProgressChild.jsm, line 58: TypeError: this.mm.content is null

###!!! [Child][RunMessage] Error: Channel closing: too late to send/recv, messages will be lost


###!!! [Child][RunMessage] Error: Channel closing: too late to send/recv, messages will be lost


###!!! [Child][RunMessage] Error: Channel closing: too late to send/recv, messages will be lost

[Child 8137, Chrome_ChildThread] WARNING: pipe error (3): Connection reset by peer: file /build/firefox-wWf_B4/firefox-64.0+build3/ipc/chromium/src/chrome/common/ipc_channel_posix.cc, line 363
JavaScript error: , line 0: InvalidStateError: An attempt was made to use an object that is not, or is no longer, usable

###!!! [Child][RunMessage] Error: Channel closing: too late to send/recv, messages will be lost


###!!! [Child][MessageChannel] Error: (msgtype=0x3000B8,name=PContent::Msg_ScriptError) Channel closing: too late to send/recv, messages will be lost


###!!! [Child][RunMessage] Error: Channel closing: too late to send/recv, messages will be lost


###!!! [Child][RunMessage] Error: Channel closing: too late to send/recv, messages will be lost


###!!! [Child][RunMessage] Error: Channel closing: too late to send/recv, messages will be lost


###!!! [Child][RunMessage] Error: Channel closing: too late to send/recv, messages will be lost


###!!! [Child][RunMessage] Error: Channel closing: too late to send/recv, messages will be lost


###!!! [Child][RunMessage] Error: Channel closing: too late to send/recv, messages will be lost


###!!! [Child][RunMessage] Error: Channel closing: too late to send/recv, messages will be lost


###!!! [Child][RunMessage] Error: Channel closing: too late to send/recv, messages will be lost

1548017621721	mozrunner::runner	INFO	Running command: "/usr/bin/firefox" "-marionette" "-headless" "-foreground" "-no-remote" "-profile" "/tmp/rust_mozprofile.brzDorvGA7ov"
*** You are running in headless mode.
1548017622074	addons.webextension.screenshots@mozilla.org	WARN	Loading extension 'screenshots@mozilla.org': Reading manifest: Invalid host permission: resource://pdf.js/
1548017622075	addons.webextension.screenshots@mozilla.org	WARN	Loading extension 'screenshots@mozilla.org': Reading manifest: Invalid host permission: about:reader*
1548017623295	Marionette	INFO	Listening on port 37025
1548017623344	Marionette	WARN	TLS certificate errors will be ignored for this session

(/usr/lib/firefox/firefox:8931): dconf-WARNING **: 09:54:03.763: Unable to open /var/lib/snapd/desktop/dconf/profile/user: Permission denied
console.error: BroadcastService: 
  receivedBroadcastMessage: handler for
  remote-settings/monitor_changes
  threw error:
  Message: Error: Polling for changes failed: NetworkError when attempting to fetch resource..
  Stack:
    remoteSettingsFunction/remoteSettings.pollChanges@resource://services-settings/remote-settings.js:750:13

1548017648849	Marionette	INFO	Stopped listening on port 37025
[Parent 8740, Gecko_IOThread] WARNING: pipe error (68): Connection reset by peer: file /build/firefox-wWf_B4/firefox-64.0+build3/ipc/chromium/src/chrome/common/ipc_channel_posix.cc, line 363
JavaScript error: resource://gre/modules/WebProgressChild.jsm, line 58: TypeError: this.mm.content is null
[Child 8931, Chrome_ChildThread] WARNING: pipe error: Broken pipe: file /build/firefox-wWf_B4/firefox-64.0+build3/ipc/chromium/src/chrome/common/ipc_channel_posix.cc, line 736
[Child 8931, Chrome_ChildThread] WARNING: pipe error: Broken pipe: file /build/firefox-wWf_B4/firefox-64.0+build3/ipc/chromium/src/chrome/common/ipc_channel_posix.cc, line 736
[Child 8931, Chrome_ChildThread] WARNING: pipe error: Broken pipe: file /build/firefox-wWf_B4/firefox-64.0+build3/ipc/chromium/src/chrome/common/ipc_channel_posix.cc, line 736
[Child 8931, Chrome_ChildThread] WARNING: pipe error: Broken pipe: file /build/firefox-wWf_B4/firefox-64.0+build3/ipc/chromium/src/chrome/common/ipc_channel_posix.cc, line 736
[Child 8931, Chrome_ChildThread] WARNING: pipe error: Broken pipe: file /build/firefox-wWf_B4/firefox-64.0+build3/ipc/chromium/src/chrome/common/ipc_channel_posix.cc, line 736
[Child 8931, Chrome_ChildThread] WARNING: pipe error: Broken pipe: file /build/firefox-wWf_B4/firefox-64.0+build3/ipc/chromium/src/chrome/common/ipc_channel_posix.cc, line 736
[Child 8931, Chrome_ChildThread] WARNING: pipe error: Broken pipe: file /build/firefox-wWf_B4/firefox-64.0+build3/ipc/chromium/src/chrome/common/ipc_channel_posix.cc, line 736
[Child 8931, Chrome_ChildThread] WARNING: pipe error: Broken pipe: file /build/firefox-wWf_B4/firefox-64.0+build3/ipc/chromium/src/chrome/common/ipc_channel_posix.cc, line 736
[Child 8931, Chrome_ChildThread] WARNING: pipe error: Broken pipe: file /build/firefox-wWf_B4/firefox-64.0+build3/ipc/chromium/src/chrome/common/ipc_channel_posix.cc, line 736
[Child 8931, Chrome_ChildThread] WARNING: pipe error: Broken pipe: file /build/firefox-wWf_B4/firefox-64.0+build3/ipc/chromium/src/chrome/common/ipc_channel_posix.cc, line 736
[Child 8931, Chrome_ChildThread] WARNING: pipe error: Broken pipe: file /build/firefox-wWf_B4/firefox-64.0+build3/ipc/chromium/src/chrome/common/ipc_channel_posix.cc, line 736
[Child 8931, Chrome_ChildThread] WARNING: pipe error: Broken pipe: file /build/firefox-wWf_B4/firefox-64.0+build3/ipc/chromium/src/chrome/common/ipc_channel_posix.cc, line 736
[Child 8931, Chrome_ChildThread] WARNING: pipe error: Broken pipe: file /build/firefox-wWf_B4/firefox-64.0+build3/ipc/chromium/src/chrome/common/ipc_channel_posix.cc, line 736
[Child 8931, Chrome_ChildThread] WARNING: pipe error: Broken pipe: file /build/firefox-wWf_B4/firefox-64.0+build3/ipc/chromium/src/chrome/common/ipc_channel_posix.cc, line 736
[Child 8931, Chrome_ChildThread] WARNING: pipe error: Broken pipe: file /build/firefox-wWf_B4/firefox-64.0+build3/ipc/chromium/src/chrome/common/ipc_channel_posix.cc, line 736
[Child 8931, Chrome_ChildThread] WARNING: pipe error: Broken pipe: file /build/firefox-wWf_B4/firefox-64.0+build3/ipc/chromium/src/chrome/common/ipc_channel_posix.cc, line 736
[Child 8931, Chrome_ChildThread] WARNING: pipe error: Broken pipe: file /build/firefox-wWf_B4/firefox-64.0+build3/ipc/chromium/src/chrome/common/ipc_channel_posix.cc, line 736
[Child 8931, Chrome_ChildThread] WARNING: pipe error: Broken pipe: file /build/firefox-wWf_B4/firefox-64.0+build3/ipc/chromium/src/chrome/common/ipc_channel_posix.cc, line 736
[Child 8931, Chrome_ChildThread] WARNING: pipe error: Broken pipe: file /build/firefox-wWf_B4/firefox-64.0+build3/ipc/chromium/src/chrome/common/ipc_channel_posix.cc, line 736
[Child 8931, Chrome_ChildThread] WARNING: pipe error: Broken pipe: file /build/firefox-wWf_B4/firefox-64.0+build3/ipc/chromium/src/chrome/common/ipc_channel_posix.cc, line 736
[Child 8931, Chrome_ChildThread] WARNING: pipe error: Broken pipe: file /build/firefox-wWf_B4/firefox-64.0+build3/ipc/chromium/src/chrome/common/ipc_channel_posix.cc, line 736
[Child 8931, Chrome_ChildThread] WARNING: pipe error: Broken pipe: file /build/firefox-wWf_B4/firefox-64.0+build3/ipc/chromium/src/chrome/common/ipc_channel_posix.cc, line 736
[Child 8931, Chrome_ChildThread] WARNING: pipe error: Broken pipe: file /build/firefox-wWf_B4/firefox-64.0+build3/ipc/chromium/src/chrome/common/ipc_channel_posix.cc, line 736
[Child 8931, Chrome_ChildThread] WARNING: pipe error: Broken pipe: file /build/firefox-wWf_B4/firefox-64.0+build3/ipc/chromium/src/chrome/common/ipc_channel_posix.cc, line 736
[Child 8931, Chrome_ChildThread] WARNING: pipe error: Broken pipe: file /build/firefox-wWf_B4/firefox-64.0+build3/ipc/chromium/src/chrome/common/ipc_channel_posix.cc, line 736
[Child 8931, Chrome_ChildThread] WARNING: pipe error: Broken pipe: file /build/firefox-wWf_B4/firefox-64.0+build3/ipc/chromium/src/chrome/common/ipc_channel_posix.cc, line 736
[Child 8931, Chrome_ChildThread] WARNING: pipe error: Broken pipe: file /build/firefox-wWf_B4/firefox-64.0+build3/ipc/chromium/src/chrome/common/ipc_channel_posix.cc, line 736
[Child 8931, Chrome_ChildThread] WARNING: pipe error: Broken pipe: file /build/firefox-wWf_B4/firefox-64.0+build3/ipc/chromium/src/chrome/common/ipc_channel_posix.cc, line 736
[Child 8931, Chrome_ChildThread] WARNING: pipe error: Broken pipe: file /build/firefox-wWf_B4/firefox-64.0+build3/ipc/chromium/src/chrome/common/ipc_channel_posix.cc, line 736
[Child 8931, Chrome_ChildThread] WARNING: pipe error: Broken pipe: file /build/firefox-wWf_B4/firefox-64.0+build3/ipc/chromium/src/chrome/common/ipc_channel_posix.cc, line 736
[Child 8931, Chrome_ChildThread] WARNING: pipe error: Broken pipe: file /build/firefox-wWf_B4/firefox-64.0+build3/ipc/chromium/src/chrome/common/ipc_channel_posix.cc, line 736

###!!! [Child][RunMessage] Error: Channel closing: too late to send/recv, messages will be lost


###!!! [Child][RunMessage] Error: Channel closing: too late to send/recv, messages will be lost


###!!! [Child][RunMessage] Error: Channel closing: too late to send/recv, messages will be lost

JavaScript error: , line 0: InvalidStateError: An attempt was made to use an object that is not, or is no longer, usable
JavaScript error: , line 0: InvalidStateError: An attempt was made to use an object that is not, or is no longer, usable

###!!! [Child][MessageChannel] Error: (msgtype=0x3000B8,name=PContent::Msg_ScriptError) Channel closing: too late to send/recv, messages will be lost


###!!! [Child][MessageChannel] Error: (msgtype=0x3000B8,name=PContent::Msg_ScriptError) Channel closing: too late to send/recv, messages will be lost


###!!! [Child][RunMessage] Error: Channel closing: too late to send/recv, messages will be lost


###!!! [Child][RunMessage] Error: Channel closing: too late to send/recv, messages will be lost


###!!! [Child][RunMessage] Error: Channel closing: too late to send/recv, messages will be lost


###!!! [Child][RunMessage] Error: Channel closing: too late to send/recv, messages will be lost


###!!! [Child][RunMessage] Error: Channel closing: too late to send/recv, messages will be lost


###!!! [Child][RunMessage] Error: Channel closing: too late to send/recv, messages will be lost

1548022576595	mozrunner::runner	INFO	Running command: "/usr/bin/firefox" "-marionette" "-headless" "-foreground" "-no-remote" "-profile" "/tmp/rust_mozprofile.BU3JkrGYaSJ9"
*** You are running in headless mode.
1548022577049	addons.webextension.screenshots@mozilla.org	WARN	Loading extension 'screenshots@mozilla.org': Reading manifest: Invalid host permission: resource://pdf.js/
1548022577050	addons.webextension.screenshots@mozilla.org	WARN	Loading extension 'screenshots@mozilla.org': Reading manifest: Invalid host permission: about:reader*
1548022578352	Marionette	INFO	Listening on port 43955
1548022578401	Marionette	WARN	TLS certificate errors will be ignored for this session

(/usr/lib/firefox/firefox:14690): dconf-WARNING **: 11:16:36.688: Unable to open /var/lib/snapd/desktop/dconf/profile/user: Permission denied
console.error: BroadcastService: 
  receivedBroadcastMessage: handler for
  remote-settings/monitor_changes
  threw error:
  Message: Error: Polling for changes failed: NetworkError when attempting to fetch resource..
  Stack:
    remoteSettingsFunction/remoteSettings.pollChanges@resource://services-settings/remote-settings.js:750:13

1548022761797	mozrunner::runner	INFO	Running command: "/usr/bin/firefox" "-marionette" "-headless" "-foreground" "-no-remote" "-profile" "/tmp/rust_mozprofile.ZBDtaw1fAYeg"
*** You are running in headless mode.
1548022762258	addons.webextension.screenshots@mozilla.org	WARN	Loading extension 'screenshots@mozilla.org': Reading manifest: Invalid host permission: resource://pdf.js/
1548022762259	addons.webextension.screenshots@mozilla.org	WARN	Loading extension 'screenshots@mozilla.org': Reading manifest: Invalid host permission: about:reader*
1548022763560	Marionette	INFO	Listening on port 40657
1548022763604	Marionette	WARN	TLS certificate errors will be ignored for this session
console.error: BroadcastService: 
  receivedBroadcastMessage: handler for
  remote-settings/monitor_changes
  threw error:
  Message: Error: Polling for changes failed: NetworkError when attempting to fetch resource..
  Stack:
    remoteSettingsFunction/remoteSettings.pollChanges@resource://services-settings/remote-settings.js:750:13


(/usr/lib/firefox/firefox:15292): dconf-WARNING **: 11:19:49.488: Unable to open /var/lib/snapd/desktop/dconf/profile/user: Permission denied
1548025485791	mozrunner::runner	INFO	Running command: "/usr/bin/firefox" "-marionette" "-headless" "-foreground" "-no-remote" "-profile" "/tmp/rust_mozprofile.eCyxTvOkC0tj"
*** You are running in headless mode.
1548025486263	addons.webextension.screenshots@mozilla.org	WARN	Loading extension 'screenshots@mozilla.org': Reading manifest: Invalid host permission: resource://pdf.js/
1548025486263	addons.webextension.screenshots@mozilla.org	WARN	Loading extension 'screenshots@mozilla.org': Reading manifest: Invalid host permission: about:reader*
1548025488098	Marionette	INFO	Listening on port 38783
1548025488214	Marionette	WARN	TLS certificate errors will be ignored for this session
console.error: BroadcastService: 
  receivedBroadcastMessage: handler for
  remote-settings/monitor_changes
  threw error:
  Message: Error: Polling for changes failed: NetworkError when attempting to fetch resource..
  Stack:
    remoteSettingsFunction/remoteSettings.pollChanges@resource://services-settings/remote-settings.js:750:13


(/usr/lib/firefox/firefox:18113): dconf-WARNING **: 12:05:14.700: Unable to open /var/lib/snapd/desktop/dconf/profile/user: Permission denied
1548025518998	Marionette	INFO	Stopped listening on port 38783
[Parent 17932, Gecko_IOThread] WARNING: pipe error (68): Connection reset by peer: file /build/firefox-wWf_B4/firefox-64.0+build3/ipc/chromium/src/chrome/common/ipc_channel_posix.cc, line 363
JavaScript error: resource://gre/modules/WebProgressChild.jsm, line 58: TypeError: this.mm.content is null

###!!! [Child][RunMessage] Error: Channel closing: too late to send/recv, messages will be lost

[Child 18113, Chrome_ChildThread] WARNING: pipe error (3): Connection reset by peer: file /build/firefox-wWf_B4/firefox-64.0+build3/ipc/chromium/src/chrome/common/ipc_channel_posix.cc, line 363

###!!! [Child][RunMessage] Error: Channel closing: too late to send/recv, messages will be lost


###!!! [Child][MessageChannel] Error: (msgtype=0x3000B8,name=PContent::Msg_ScriptError) Channel closing: too late to send/recv, messages will be lost


###!!! [Child][RunMessage] Error: Channel closing: too late to send/recv, messages will be lost


###!!! [Child][RunMessage] Error: Channel closing: too late to send/recv, messages will be lost


###!!! [Child][RunMessage] Error: Channel closing: too late to send/recv, messages will be lost


###!!! [Child][RunMessage] Error: Channel closing: too late to send/recv, messages will be lost


###!!! [Child][MessageChannel] Error: (msgtype=0x3000B8,name=PContent::Msg_ScriptError) Channel closing: too late to send/recv, messages will be lost

JavaScript error: , line 0: InvalidStateError: An attempt was made to use an object that is not, or is no longer, usable

###!!! [Child][MessageChannel] Error: (msgtype=0x3000B8,name=PContent::Msg_ScriptError) Channel closing: too late to send/recv, messages will be lost


###!!! [Child][MessageChannel] Error: (msgtype=0x3000B8,name=PContent::Msg_ScriptError) Channel closing: too late to send/recv, messages will be lost


###!!! [Child][MessageChannel] Error: (msgtype=0x3000B8,name=PContent::Msg_ScriptError) Channel closing: too late to send/recv, messages will be lost


###!!! [Child][RunMessage] Error: Channel closing: too late to send/recv, messages will be lost


###!!! [Child][RunMessage] Error: Channel closing: too late to send/recv, messages will be lost


###!!! [Child][RunMessage] Error: Channel closing: too late to send/recv, messages will be lost


###!!! [Child][RunMessage] Error: Channel closing: too late to send/recv, messages will be lost

1548025575829	mozrunner::runner	INFO	Running command: "/usr/bin/firefox" "-marionette" "-headless" "-foreground" "-no-remote" "-profile" "/tmp/rust_mozprofile.9rAJmNH5NXIr"
*** You are running in headless mode.
1548025576305	addons.webextension.screenshots@mozilla.org	WARN	Loading extension 'screenshots@mozilla.org': Reading manifest: Invalid host permission: resource://pdf.js/
1548025576306	addons.webextension.screenshots@mozilla.org	WARN	Loading extension 'screenshots@mozilla.org': Reading manifest: Invalid host permission: about:reader*
1548025577889	Marionette	INFO	Listening on port 32953
1548025577947	Marionette	WARN	TLS certificate errors will be ignored for this session
console.error: BroadcastService: 
  receivedBroadcastMessage: handler for
  remote-settings/monitor_changes
  threw error:
  Message: Error: Polling for changes failed: NetworkError when attempting to fetch resource..
  Stack:
    remoteSettingsFunction/remoteSettings.pollChanges@resource://services-settings/remote-settings.js:750:13


(/usr/lib/firefox/firefox:18860): dconf-WARNING **: 12:06:44.062: Unable to open /var/lib/snapd/desktop/dconf/profile/user: Permission denied
1548025608935	Marionette	INFO	Stopped listening on port 32953
[Parent 18681, Gecko_IOThread] WARNING: pipe error (67): Connection reset by peer: file /build/firefox-wWf_B4/firefox-64.0+build3/ipc/chromium/src/chrome/common/ipc_channel_posix.cc, line 363

###!!! [Child][MessageChannel] Error: (msgtype=0x580029,name=PNecko::Msg_RemoveRequestContext) Channel closing: too late to send/recv, messages will be lost

[Child 18860, Chrome_ChildThread] WARNING: pipe error: Broken pipe: file /build/firefox-wWf_B4/firefox-64.0+build3/ipc/chromium/src/chrome/common/ipc_channel_posix.cc, line 736

###!!! [Child][RunMessage] Error: Channel closing: too late to send/recv, messages will be lost

[Child 18860, Chrome_ChildThread] WARNING: pipe error (3): Connection reset by peer: file /build/firefox-wWf_B4/firefox-64.0+build3/ipc/chromium/src/chrome/common/ipc_channel_posix.cc, line 363

###!!! [Child][RunMessage] Error: Channel closing: too late to send/recv, messages will be lost


###!!! [Child][RunMessage] Error: Channel closing: too late to send/recv, messages will be lost


###!!! [Child][RunMessage] Error: Channel closing: too late to send/recv, messages will be lost


###!!! [Child][RunMessage] Error: Channel closing: too late to send/recv, messages will be lost


###!!! [Child][RunMessage] Error: Channel closing: too late to send/recv, messages will be lost


###!!! [Child][RunMessage] Error: Channel closing: too late to send/recv, messages will be lost


###!!! [Child][RunMessage] Error: Channel closing: too late to send/recv, messages will be lost


###!!! [Child][RunMessage] Error: Channel closing: too late to send/recv, messages will be lost


###!!! [Child][RunMessage] Error: Channel closing: too late to send/recv, messages will be lost


###!!! [Child][RunMessage] Error: Channel closing: too late to send/recv, messages will be lost


###!!! [Child][RunMessage] Error: Channel closing: too late to send/recv, messages will be lost


###!!! [Child][RunMessage] Error: Channel closing: too late to send/recv, messages will be lost


###!!! [Child][RunMessage] Error: Channel closing: too late to send/recv, messages will be lost


###!!! [Child][RunMessage] Error: Channel closing: too late to send/recv, messages will be lost


###!!! [Child][RunMessage] Error: Channel closing: too late to send/recv, messages will be lost


###!!! [Child][RunMessage] Error: Channel closing: too late to send/recv, messages will be lost


###!!! [Child][RunMessage] Error: Channel closing: too late to send/recv, messages will be lost


###!!! [Child][RunMessage] Error: Channel closing: too late to send/recv, messages will be lost


###!!! [Child][RunMessage] Error: Channel closing: too late to send/recv, messages will be lost


###!!! [Child][RunMessage] Error: Channel closing: too late to send/recv, messages will be lost


###!!! [Child][RunMessage] Error: Channel closing: too late to send/recv, messages will be lost


###!!! [Child][RunMessage] Error: Channel closing: too late to send/recv, messages will be lost


###!!! [Child][RunMessage] Error: Channel closing: too late to send/recv, messages will be lost

JavaScript error: , line 0: InvalidStateError: An attempt was made to use an object that is not, or is no longer, usable

###!!! [Child][MessageChannel] Error: (msgtype=0x3000B8,name=PContent::Msg_ScriptError) Channel closing: too late to send/recv, messages will be lost


###!!! [Child][RunMessage] Error: Channel closing: too late to send/recv, messages will be lost


###!!! [Child][RunMessage] Error: Channel closing: too late to send/recv, messages will be lost


###!!! [Child][MessageChannel] Error: (msgtype=0x3000B8,name=PContent::Msg_ScriptError) Channel closing: too late to send/recv, messages will be lost


###!!! [Child][RunMessage] Error: Channel closing: too late to send/recv, messages will be lost


###!!! [Child][RunMessage] Error: Channel closing: too late to send/recv, messages will be lost

1548025737074	mozrunner::runner	INFO	Running command: "/usr/bin/firefox" "-marionette" "-headless" "-foreground" "-no-remote" "-profile" "/tmp/rust_mozprofile.4RrO1KVLzr4Z"
*** You are running in headless mode.
1548025737529	addons.webextension.screenshots@mozilla.org	WARN	Loading extension 'screenshots@mozilla.org': Reading manifest: Invalid host permission: resource://pdf.js/
1548025737529	addons.webextension.screenshots@mozilla.org	WARN	Loading extension 'screenshots@mozilla.org': Reading manifest: Invalid host permission: about:reader*
1548025739106	Marionette	INFO	Listening on port 37197
1548025739185	Marionette	WARN	TLS certificate errors will be ignored for this session
console.error: BroadcastService: 
  receivedBroadcastMessage: handler for
  remote-settings/monitor_changes
  threw error:
  Message: Error: Polling for changes failed: NetworkError when attempting to fetch resource..
  Stack:
    remoteSettingsFunction/remoteSettings.pollChanges@resource://services-settings/remote-settings.js:750:13


(/usr/lib/firefox/firefox:19525): dconf-WARNING **: 12:09:23.155: Unable to open /var/lib/snapd/desktop/dconf/profile/user: Permission denied
1548025766187	Marionette	INFO	Stopped listening on port 37197
JavaScript error: resource://gre/modules/WebProgressChild.jsm, line 58: TypeError: this.mm.content is null

###!!! [Child][MessageChannel] Error: (msgtype=0x580029,name=PNecko::Msg_RemoveRequestContext) Channel closing: too late to send/recv, messages will be lost

[Child 19525, Chrome_ChildThread] WARNING: pipe error (3): Connection reset by peer: file /build/firefox-wWf_B4/firefox-64.0+build3/ipc/chromium/src/chrome/common/ipc_channel_posix.cc, line 363

###!!! [Child][RunMessage] Error: Channel closing: too late to send/recv, messages will be lost


###!!! [Child][RunMessage] Error: Channel closing: too late to send/recv, messages will be lost


###!!! [Child][RunMessage] Error: Channel closing: too late to send/recv, messages will be lost


###!!! [Child][RunMessage] Error: Channel closing: too late to send/recv, messages will be lost


###!!! [Child][RunMessage] Error: Channel closing: too late to send/recv, messages will be lost


###!!! [Child][RunMessage] Error: Channel closing: too late to send/recv, messages will be lost


###!!! [Child][RunMessage] Error: Channel closing: too late to send/recv, messages will be lost


###!!! [Child][RunMessage] Error: Channel closing: too late to send/recv, messages will be lost


###!!! [Child][RunMessage] Error: Channel closing: too late to send/recv, messages will be lost


###!!! [Child][RunMessage] Error: Channel closing: too late to send/recv, messages will be lost


###!!! [Child][RunMessage] Error: Channel closing: too late to send/recv, messages will be lost


###!!! [Child][RunMessage] Error: Channel closing: too late to send/recv, messages will be lost


###!!! [Child][RunMessage] Error: Channel closing: too late to send/recv, messages will be lost


###!!! [Child][MessageChannel] Error: (msgtype=0x3000B8,name=PContent::Msg_ScriptError) Channel closing: too late to send/recv, messages will be lost


###!!! [Child][RunMessage] Error: Channel closing: too late to send/recv, messages will be lost


###!!! [Child][RunMessage] Error: Channel closing: too late to send/recv, messages will be lost


###!!! [Child][RunMessage] Error: Channel closing: too late to send/recv, messages will be lost


###!!! [Child][RunMessage] Error: Channel closing: too late to send/recv, messages will be lost


###!!! [Child][RunMessage] Error: Channel closing: too late to send/recv, messages will be lost

JavaScript error: , line 0: InvalidStateError: An attempt was made to use an object that is not, or is no longer, usable

###!!! [Child][RunMessage] Error: Channel closing: too late to send/recv, messages will be lost


###!!! [Child][MessageChannel] Error: (msgtype=0x3000B8,name=PContent::Msg_ScriptError) Channel closing: too late to send/recv, messages will be lost


###!!! [Child][RunMessage] Error: Channel closing: too late to send/recv, messages will be lost

1548026445525	mozrunner::runner	INFO	Running command: "/usr/bin/firefox" "-marionette" "-headless" "-foreground" "-no-remote" "-profile" "/tmp/rust_mozprofile.v2RCFdSEOMMe"
*** You are running in headless mode.
1548026445774	addons.webextension.screenshots@mozilla.org	WARN	Loading extension 'screenshots@mozilla.org': Reading manifest: Invalid host permission: resource://pdf.js/
1548026445775	addons.webextension.screenshots@mozilla.org	WARN	Loading extension 'screenshots@mozilla.org': Reading manifest: Invalid host permission: about:reader*
1548026446680	Marionette	INFO	Listening on port 34243
1548026446728	Marionette	WARN	TLS certificate errors will be ignored for this session

(/usr/lib/firefox/firefox:20426): dconf-WARNING **: 12:21:01.147: Unable to open /var/lib/snapd/desktop/dconf/profile/user: Permission denied
1548026464375	Marionette	INFO	Stopped listening on port 34243
[Parent 20244, Gecko_IOThread] WARNING: pipe error (68): Connection reset by peer: file /build/firefox-wWf_B4/firefox-64.0+build3/ipc/chromium/src/chrome/common/ipc_channel_posix.cc, line 363
JavaScript error: resource://gre/modules/WebProgressChild.jsm, line 58: TypeError: this.mm.content is null

###!!! [Child][RunMessage] Error: Channel closing: too late to send/recv, messages will be lost


###!!! [Child][RunMessage] Error: Channel closing: too late to send/recv, messages will be lost


###!!! [Child][RunMessage] Error: Channel closing: too late to send/recv, messages will be lost


###!!! [Child][RunMessage] Error: Channel closing: too late to send/recv, messages will be lost

[Child 20426, Chrome_ChildThread] WARNING: pipe error (3): Connection reset by peer: file /build/firefox-wWf_B4/firefox-64.0+build3/ipc/chromium/src/chrome/common/ipc_channel_posix.cc, line 363

###!!! [Child][RunMessage] Error: Channel closing: too late to send/recv, messages will be lost


###!!! [Child][RunMessage] Error: Channel closing: too late to send/recv, messages will be lost


###!!! [Child][MessageChannel] Error: (msgtype=0x3000B8,name=PContent::Msg_ScriptError) Channel closing: too late to send/recv, messages will be lost


###!!! [Child][RunMessage] Error: Channel closing: too late to send/recv, messages will be lost


###!!! [Child][RunMessage] Error: Channel closing: too late to send/recv, messages will be lost


###!!! [Child][RunMessage] Error: Channel closing: too late to send/recv, messages will be lost


###!!! [Child][RunMessage] Error: Channel closing: too late to send/recv, messages will be lost


###!!! [Child][RunMessage] Error: Channel closing: too late to send/recv, messages will be lost


###!!! [Child][RunMessage] Error: Channel closing: too late to send/recv, messages will be lost


###!!! [Child][RunMessage] Error: Channel closing: too late to send/recv, messages will be lost


###!!! [Child][RunMessage] Error: Channel closing: too late to send/recv, messages will be lost


###!!! [Child][RunMessage] Error: Channel closing: too late to send/recv, messages will be lost


###!!! [Child][RunMessage] Error: Channel closing: too late to send/recv, messages will be lost


###!!! [Child][RunMessage] Error: Channel closing: too late to send/recv, messages will be lost


###!!! [Child][RunMessage] Error: Channel closing: too late to send/recv, messages will be lost


###!!! [Child][RunMessage] Error: Channel closing: too late to send/recv, messages will be lost


###!!! [Child][RunMessage] Error: Channel closing: too late to send/recv, messages will be lost


###!!! [Child][RunMessage] Error: Channel closing: too late to send/recv, messages will be lost


###!!! [Child][RunMessage] Error: Channel closing: too late to send/recv, messages will be lost


###!!! [Child][RunMessage] Error: Channel closing: too late to send/recv, messages will be lost


###!!! [Child][MessageChannel] Error: (msgtype=0x3000B8,name=PContent::Msg_ScriptError) Channel closing: too late to send/recv, messages will be lost

JavaScript error: , line 0: InvalidStateError: An attempt was made to use an object that is not, or is no longer, usable

###!!! [Child][RunMessage] Error: Channel closing: too late to send/recv, messages will be lost

1548026616273	mozrunner::runner	INFO	Running command: "/usr/bin/firefox" "-marionette" "-headless" "-foreground" "-no-remote" "-profile" "/tmp/rust_mozprofile.ySKs6JZjFJWN"
*** You are running in headless mode.
1548026616522	addons.webextension.screenshots@mozilla.org	WARN	Loading extension 'screenshots@mozilla.org': Reading manifest: Invalid host permission: resource://pdf.js/
1548026616522	addons.webextension.screenshots@mozilla.org	WARN	Loading extension 'screenshots@mozilla.org': Reading manifest: Invalid host permission: about:reader*
1548026617517	Marionette	INFO	Listening on port 46439
1548026617582	Marionette	WARN	TLS certificate errors will be ignored for this session

(/usr/lib/firefox/firefox:21707): dconf-WARNING **: 12:23:56.619: Unable to open /var/lib/snapd/desktop/dconf/profile/user: Permission denied
console.error: BroadcastService: 
  receivedBroadcastMessage: handler for
  remote-settings/monitor_changes
  threw error:
  Message: Error: Polling for changes failed: NetworkError when attempting to fetch resource..
  Stack:
    remoteSettingsFunction/remoteSettings.pollChanges@resource://services-settings/remote-settings.js:750:13

1548026639948	Marionette	INFO	Stopped listening on port 46439

###!!! [Child][MessageChannel] Error: (msgtype=0x580029,name=PNecko::Msg_RemoveRequestContext) Channel closing: too late to send/recv, messages will be lost

[Child 21707, Chrome_ChildThread] WARNING: pipe error: Broken pipe: file /build/firefox-wWf_B4/firefox-64.0+build3/ipc/chromium/src/chrome/common/ipc_channel_posix.cc, line 736

###!!! [Child][RunMessage] Error: Channel closing: too late to send/recv, messages will be lost


###!!! [Child][RunMessage] Error: Channel closing: too late to send/recv, messages will be lost


###!!! [Child][RunMessage] Error: Channel closing: too late to send/recv, messages will be lost


###!!! [Child][RunMessage] Error: Channel closing: too late to send/recv, messages will be lost


###!!! [Child][RunMessage] Error: Channel closing: too late to send/recv, messages will be lost


###!!! [Child][RunMessage] Error: Channel closing: too late to send/recv, messages will be lost


###!!! [Child][RunMessage] Error: Channel closing: too late to send/recv, messages will be lost


###!!! [Child][RunMessage] Error: Channel closing: too late to send/recv, messages will be lost


###!!! [Child][RunMessage] Error: Channel closing: too late to send/recv, messages will be lost


###!!! [Child][RunMessage] Error: Channel closing: too late to send/recv, messages will be lost


###!!! [Child][RunMessage] Error: Channel closing: too late to send/recv, messages will be lost


###!!! [Child][RunMessage] Error: Channel closing: too late to send/recv, messages will be lost


###!!! [Child][RunMessage] Error: Channel closing: too late to send/recv, messages will be lost


###!!! [Child][RunMessage] Error: Channel closing: too late to send/recv, messages will be lost


###!!! [Child][RunMessage] Error: Channel closing: too late to send/recv, messages will be lost


###!!! [Child][RunMessage] Error: Channel closing: too late to send/recv, messages will be lost


###!!! [Child][RunMessage] Error: Channel closing: too late to send/recv, messages will be lost


###!!! [Child][RunMessage] Error: Channel closing: too late to send/recv, messages will be lost


###!!! [Child][RunMessage] Error: Channel closing: too late to send/recv, messages will be lost


###!!! [Child][RunMessage] Error: Channel closing: too late to send/recv, messages will be lost


###!!! [Child][MessageChannel] Error: (msgtype=0x3000B8,name=PContent::Msg_ScriptError) Channel closing: too late to send/recv, messages will be lost

JavaScript error: resource://gre/modules/WebProgressChild.jsm, line 58: TypeError: this.mm.content is null

###!!! [Child][MessageChannel] Error: (msgtype=0x30009D,name=PContent::Msg_StartVisitedQuery) Channel closing: too late to send/recv, messages will be lost


###!!! [Child][RunMessage] Error: Channel closing: too late to send/recv, messages will be lost


###!!! [Child][RunMessage] Error: Channel closing: too late to send/recv, messages will be lost


###!!! [Child][RunMessage] Error: Channel closing: too late to send/recv, messages will be lost


###!!! [Child][RunMessage] Error: Channel closing: too late to send/recv, messages will be lost


###!!! [Child][RunMessage] Error: Channel closing: too late to send/recv, messages will be lost


###!!! [Child][RunMessage] Error: Channel closing: too late to send/recv, messages will be lost


###!!! [Child][RunMessage] Error: Channel closing: too late to send/recv, messages will be lost


###!!! [Child][RunMessage] Error: Channel closing: too late to send/recv, messages will be lost


###!!! [Child][RunMessage] Error: Channel closing: too late to send/recv, messages will be lost

