1547603164751	mozrunner::runner	INFO	Running command: "/usr/bin/firefox" "-marionette" "-headless" "-foreground" "-no-remote" "-profile" "/tmp/rust_mozprofile.m6HfYXqO8XBc"
*** You are running in headless mode.
1547603164996	addons.webextension.screenshots@mozilla.org	WARN	Loading extension 'screenshots@mozilla.org': Reading manifest: Invalid host permission: resource://pdf.js/
1547603164996	addons.webextension.screenshots@mozilla.org	WARN	Loading extension 'screenshots@mozilla.org': Reading manifest: Invalid host permission: about:reader*
1547603165961	Marionette	INFO	Listening on port 43839
1547603166078	Marionette	WARN	TLS certificate errors will be ignored for this session
console.error: BroadcastService: 
  receivedBroadcastMessage: handler for
  remote-settings/monitor_changes
  threw error:
  Message: Error: Polling for changes failed: NetworkError when attempting to fetch resource..
  Stack:
    remoteSettingsFunction/remoteSettings.pollChanges@resource://services-settings/remote-settings.js:750:13


(/usr/lib/firefox/firefox:32714): dconf-WARNING **: 14:46:30.755: Unable to open /var/lib/snapd/desktop/dconf/profile/user: Permission denied
1547603193740	Marionette	INFO	Stopped listening on port 43839
[Parent 32528, Gecko_IOThread] WARNING: pipe error (68): Connection reset by peer: file /build/firefox-wWf_B4/firefox-64.0+build3/ipc/chromium/src/chrome/common/ipc_channel_posix.cc, line 363
[Child 32714, Chrome_ChildThread] WARNING: pipe error: Broken pipe: file /build/firefox-wWf_B4/firefox-64.0+build3/ipc/chromium/src/chrome/common/ipc_channel_posix.cc, line 736
[Child 32714, Chrome_ChildThread] WARNING: pipe error: Broken pipe: file /build/firefox-wWf_B4/firefox-64.0+build3/ipc/chromium/src/chrome/common/ipc_channel_posix.cc, line 736
[Child 32714, Chrome_ChildThread] WARNING: pipe error: Broken pipe: file /build/firefox-wWf_B4/firefox-64.0+build3/ipc/chromium/src/chrome/common/ipc_channel_posix.cc, line 736
[Child 32714, Chrome_ChildThread] WARNING: pipe error: Broken pipe: file /build/firefox-wWf_B4/firefox-64.0+build3/ipc/chromium/src/chrome/common/ipc_channel_posix.cc, line 736
[Child 32714, Chrome_ChildThread] WARNING: pipe error: Broken pipe: file /build/firefox-wWf_B4/firefox-64.0+build3/ipc/chromium/src/chrome/common/ipc_channel_posix.cc, line 736
[Child 32714, Chrome_ChildThread] WARNING: pipe error: Broken pipe: file /build/firefox-wWf_B4/firefox-64.0+build3/ipc/chromium/src/chrome/common/ipc_channel_posix.cc, line 736
[Child 32714, Chrome_ChildThread] WARNING: pipe error: Broken pipe: file /build/firefox-wWf_B4/firefox-64.0+build3/ipc/chromium/src/chrome/common/ipc_channel_posix.cc, line 736
[Child 32714, Chrome_ChildThread] WARNING: pipe error: Broken pipe: file /build/firefox-wWf_B4/firefox-64.0+build3/ipc/chromium/src/chrome/common/ipc_channel_posix.cc, line 736
[Child 32714, Chrome_ChildThread] WARNING: pipe error: Broken pipe: file /build/firefox-wWf_B4/firefox-64.0+build3/ipc/chromium/src/chrome/common/ipc_channel_posix.cc, line 736
[Child 32714, Chrome_ChildThread] WARNING: pipe error: Broken pipe: file /build/firefox-wWf_B4/firefox-64.0+build3/ipc/chromium/src/chrome/common/ipc_channel_posix.cc, line 736
[Child 32714, Chrome_ChildThread] WARNING: pipe error: Broken pipe: file /build/firefox-wWf_B4/firefox-64.0+build3/ipc/chromium/src/chrome/common/ipc_channel_posix.cc, line 736
[Child 32714, Chrome_ChildThread] WARNING: pipe error: Broken pipe: file /build/firefox-wWf_B4/firefox-64.0+build3/ipc/chromium/src/chrome/common/ipc_channel_posix.cc, line 736
[Child 32714, Chrome_ChildThread] WARNING: pipe error: Broken pipe: file /build/firefox-wWf_B4/firefox-64.0+build3/ipc/chromium/src/chrome/common/ipc_channel_posix.cc, line 736
[Child 32714, Chrome_ChildThread] WARNING: pipe error: Broken pipe: file /build/firefox-wWf_B4/firefox-64.0+build3/ipc/chromium/src/chrome/common/ipc_channel_posix.cc, line 736
[Child 32714, Chrome_ChildThread] WARNING: pipe error: Broken pipe: file /build/firefox-wWf_B4/firefox-64.0+build3/ipc/chromium/src/chrome/common/ipc_channel_posix.cc, line 736
[Child 32714, Chrome_ChildThread] WARNING: pipe error: Broken pipe: file /build/firefox-wWf_B4/firefox-64.0+build3/ipc/chromium/src/chrome/common/ipc_channel_posix.cc, line 736
[Child 32714, Chrome_ChildThread] WARNING: pipe error: Broken pipe: file /build/firefox-wWf_B4/firefox-64.0+build3/ipc/chromium/src/chrome/common/ipc_channel_posix.cc, line 736
[Child 32714, Chrome_ChildThread] WARNING: pipe error: Broken pipe: file /build/firefox-wWf_B4/firefox-64.0+build3/ipc/chromium/src/chrome/common/ipc_channel_posix.cc, line 736
[Child 32714, Chrome_ChildThread] WARNING: pipe error: Broken pipe: file /build/firefox-wWf_B4/firefox-64.0+build3/ipc/chromium/src/chrome/common/ipc_channel_posix.cc, line 736
[Child 32714, Chrome_ChildThread] WARNING: pipe error: Broken pipe: file /build/firefox-wWf_B4/firefox-64.0+build3/ipc/chromium/src/chrome/common/ipc_channel_posix.cc, line 736
[Child 32714, Chrome_ChildThread] WARNING: pipe error: Broken pipe: file /build/firefox-wWf_B4/firefox-64.0+build3/ipc/chromium/src/chrome/common/ipc_channel_posix.cc, line 736
[Child 32714, Chrome_ChildThread] WARNING: pipe error: Broken pipe: file /build/firefox-wWf_B4/firefox-64.0+build3/ipc/chromium/src/chrome/common/ipc_channel_posix.cc, line 736
[Child 32714, Chrome_ChildThread] WARNING: pipe error: Broken pipe: file /build/firefox-wWf_B4/firefox-64.0+build3/ipc/chromium/src/chrome/common/ipc_channel_posix.cc, line 736
[Child 32714, Chrome_ChildThread] WARNING: pipe error: Broken pipe: file /build/firefox-wWf_B4/firefox-64.0+build3/ipc/chromium/src/chrome/common/ipc_channel_posix.cc, line 736
[Child 32714, Chrome_ChildThread] WARNING: pipe error: Broken pipe: file /build/firefox-wWf_B4/firefox-64.0+build3/ipc/chromium/src/chrome/common/ipc_channel_posix.cc, line 736
[Child 32714, Chrome_ChildThread] WARNING: pipe error: Broken pipe: file /build/firefox-wWf_B4/firefox-64.0+build3/ipc/chromium/src/chrome/common/ipc_channel_posix.cc, line 736
[Child 32714, Chrome_ChildThread] WARNING: pipe error: Broken pipe: file /build/firefox-wWf_B4/firefox-64.0+build3/ipc/chromium/src/chrome/common/ipc_channel_posix.cc, line 736
[Child 32714, Chrome_ChildThread] WARNING: pipe error: Broken pipe: file /build/firefox-wWf_B4/firefox-64.0+build3/ipc/chromium/src/chrome/common/ipc_channel_posix.cc, line 736
[Child 32714, Chrome_ChildThread] WARNING: pipe error: Broken pipe: file /build/firefox-wWf_B4/firefox-64.0+build3/ipc/chromium/src/chrome/common/ipc_channel_posix.cc, line 736
[Child 32714, Chrome_ChildThread] WARNING: pipe error: Broken pipe: file /build/firefox-wWf_B4/firefox-64.0+build3/ipc/chromium/src/chrome/common/ipc_channel_posix.cc, line 736
[Child 32714, Chrome_ChildThread] WARNING: pipe error: Broken pipe: file /build/firefox-wWf_B4/firefox-64.0+build3/ipc/chromium/src/chrome/common/ipc_channel_posix.cc, line 736
[Child 32714, Chrome_ChildThread] WARNING: pipe error: Broken pipe: file /build/firefox-wWf_B4/firefox-64.0+build3/ipc/chromium/src/chrome/common/ipc_channel_posix.cc, line 736
[Child 32714, Chrome_ChildThread] WARNING: pipe error: Broken pipe: file /build/firefox-wWf_B4/firefox-64.0+build3/ipc/chromium/src/chrome/common/ipc_channel_posix.cc, line 736
[Child 32714, Chrome_ChildThread] WARNING: pipe error: Broken pipe: file /build/firefox-wWf_B4/firefox-64.0+build3/ipc/chromium/src/chrome/common/ipc_channel_posix.cc, line 736
[Child 32714, Chrome_ChildThread] WARNING: pipe error: Broken pipe: file /build/firefox-wWf_B4/firefox-64.0+build3/ipc/chromium/src/chrome/common/ipc_channel_posix.cc, line 736

###!!! [Child][MessageChannel] Error: (msgtype=0x3000B8,name=PContent::Msg_ScriptError) Channel closing: too late to send/recv, messages will be lost

JavaScript error: , line 0: InvalidStateError: An attempt was made to use an object that is not, or is no longer, usable
1547605846697	mozrunner::runner	INFO	Running command: "/usr/bin/firefox" "-marionette" "-headless" "-foreground" "-no-remote" "-profile" "/tmp/rust_mozprofile.nO0Da2Jmy13U"
*** You are running in headless mode.
1547605847091	addons.webextension.screenshots@mozilla.org	WARN	Loading extension 'screenshots@mozilla.org': Reading manifest: Invalid host permission: resource://pdf.js/
1547605847091	addons.webextension.screenshots@mozilla.org	WARN	Loading extension 'screenshots@mozilla.org': Reading manifest: Invalid host permission: about:reader*
1547605848588	Marionette	INFO	Listening on port 44773
1547605848617	Marionette	WARN	TLS certificate errors will be ignored for this session
1547605864893	mozrunner::runner	INFO	Running command: "/usr/bin/firefox" "-marionette" "-headless" "-foreground" "-no-remote" "-profile" "/tmp/rust_mozprofile.BiykxvDVtVx9"
*** You are running in headless mode.
1547605865412	addons.webextension.screenshots@mozilla.org	WARN	Loading extension 'screenshots@mozilla.org': Reading manifest: Invalid host permission: resource://pdf.js/
1547605865413	addons.webextension.screenshots@mozilla.org	WARN	Loading extension 'screenshots@mozilla.org': Reading manifest: Invalid host permission: about:reader*
1547605867312	Marionette	INFO	Listening on port 35315
1547605867412	Marionette	WARN	TLS certificate errors will be ignored for this session
console.error: BroadcastService: 
  receivedBroadcastMessage: handler for
  remote-settings/monitor_changes
  threw error:
  Message: Error: Polling for changes failed: NetworkError when attempting to fetch resource..
  Stack:
    remoteSettingsFunction/remoteSettings.pollChanges@resource://services-settings/remote-settings.js:750:13


(/usr/lib/firefox/firefox:5911): dconf-WARNING **: 15:31:10.304: Unable to open /var/lib/snapd/desktop/dconf/profile/user: Permission denied
1547605874261	Marionette	INFO	Stopped listening on port 44773
[Parent 5730, Gecko_IOThread] WARNING: pipe error (68): Connection reset by peer: file /build/firefox-wWf_B4/firefox-64.0+build3/ipc/chromium/src/chrome/common/ipc_channel_posix.cc, line 363
JavaScript error: resource://gre/modules/WebProgressChild.jsm, line 58: TypeError: this.mm.content is null
JavaScript error: , line 0: InvalidStateError: An attempt was made to use an object that is not, or is no longer, usable

###!!! [Child][RunMessage] Error: Channel closing: too late to send/recv, messages will be lost


###!!! [Child][RunMessage] Error: Channel closing: too late to send/recv, messages will be lost


###!!! [Child][RunMessage] Error: Channel closing: too late to send/recv, messages will be lost


###!!! [Child][RunMessage] Error: Channel closing: too late to send/recv, messages will be lost


###!!! [Child][RunMessage] Error: Channel closing: too late to send/recv, messages will be lost


###!!! [Child][MessageChannel] Error: (msgtype=0x3000B8,name=PContent::Msg_ScriptError) Channel closing: too late to send/recv, messages will be lost


###!!! [Child][RunMessage] Error: Channel closing: too late to send/recv, messages will be lost


###!!! [Child][RunMessage] Error: Channel closing: too late to send/recv, messages will be lost


###!!! [Child][RunMessage] Error: Channel closing: too late to send/recv, messages will be lost


###!!! [Child][RunMessage] Error: Channel closing: too late to send/recv, messages will be lost

console.error: BroadcastService: 
  receivedBroadcastMessage: handler for
  remote-settings/monitor_changes
  threw error:
  Message: Error: Polling for changes failed: NetworkError when attempting to fetch resource..
  Stack:
    remoteSettingsFunction/remoteSettings.pollChanges@resource://services-settings/remote-settings.js:750:13


(/usr/lib/firefox/firefox:6550): dconf-WARNING **: 15:31:28.480: Unable to open /var/lib/snapd/desktop/dconf/profile/user: Permission denied
1547605892269	Marionette	INFO	Stopped listening on port 35315
[Parent 6377, Gecko_IOThread] WARNING: pipe error (67): Connection reset by peer: file /build/firefox-wWf_B4/firefox-64.0+build3/ipc/chromium/src/chrome/common/ipc_channel_posix.cc, line 363
JavaScript error: , line 0: InvalidStateError: An attempt was made to use an object that is not, or is no longer, usable

###!!! [Child][MessageChannel] Error: (msgtype=0x3000B8,name=PContent::Msg_ScriptError) Channel closing: too late to send/recv, messages will be lost


###!!! [Child][RunMessage] Error: Channel closing: too late to send/recv, messages will be lost


###!!! [Child][MessageChannel] Error: (msgtype=0x3000B8,name=PContent::Msg_ScriptError) Channel closing: too late to send/recv, messages will be lost

1548017583449	mozrunner::runner	INFO	Running command: "/usr/bin/firefox" "-marionette" "-headless" "-foreground" "-no-remote" "-profile" "/tmp/rust_mozprofile.94K0xs7J9W6o"
*** You are running in headless mode.
1548017583841	addons.webextension.screenshots@mozilla.org	WARN	Loading extension 'screenshots@mozilla.org': Reading manifest: Invalid host permission: resource://pdf.js/
1548017583841	addons.webextension.screenshots@mozilla.org	WARN	Loading extension 'screenshots@mozilla.org': Reading manifest: Invalid host permission: about:reader*
1548017585261	Marionette	INFO	Listening on port 34351
1548017585362	Marionette	WARN	TLS certificate errors will be ignored for this session
console.error: BroadcastService: 
  receivedBroadcastMessage: handler for
  remote-settings/monitor_changes
  threw error:
  Message: Error: Polling for changes failed: NetworkError when attempting to fetch resource..
  Stack:
    remoteSettingsFunction/remoteSettings.pollChanges@resource://services-settings/remote-settings.js:750:13


(/usr/lib/firefox/firefox:8137): dconf-WARNING **: 09:53:29.111: Unable to open /var/lib/snapd/desktop/dconf/profile/user: Permission denied
1548017612608	Marionette	INFO	Stopped listening on port 34351
[Parent 7940, Gecko_IOThread] WARNING: pipe error (68): Connection reset by peer: file /build/firefox-wWf_B4/firefox-64.0+build3/ipc/chromium/src/chrome/common/ipc_channel_posix.cc, line 363
JavaScript error: resource://gre/modules/WebProgressChild.jsm, line 58: TypeError: this.mm.content is null

###!!! [Child][RunMessage] Error: Channel closing: too late to send/recv, messages will be lost


###!!! [Child][RunMessage] Error: Channel closing: too late to send/recv, messages will be lost


###!!! [Child][RunMessage] Error: Channel closing: too late to send/recv, messages will be lost

[Child 8137, Chrome_ChildThread] WARNING: pipe error (3): Connection reset by peer: file /build/firefox-wWf_B4/firefox-64.0+build3/ipc/chromium/src/chrome/common/ipc_channel_posix.cc, line 363
JavaScript error: , line 0: InvalidStateError: An attempt was made to use an object that is not, or is no longer, usable

###!!! [Child][RunMessage] Error: Channel closing: too late to send/recv, messages will be lost


###!!! [Child][MessageChannel] Error: (msgtype=0x3000B8,name=PContent::Msg_ScriptError) Channel closing: too late to send/recv, messages will be lost


###!!! [Child][RunMessage] Error: Channel closing: too late to send/recv, messages will be lost


###!!! [Child][RunMessage] Error: Channel closing: too late to send/recv, messages will be lost


###!!! [Child][RunMessage] Error: Channel closing: too late to send/recv, messages will be lost


###!!! [Child][RunMessage] Error: Channel closing: too late to send/recv, messages will be lost


###!!! [Child][RunMessage] Error: Channel closing: too late to send/recv, messages will be lost


###!!! [Child][RunMessage] Error: Channel closing: too late to send/recv, messages will be lost


###!!! [Child][RunMessage] Error: Channel closing: too late to send/recv, messages will be lost


###!!! [Child][RunMessage] Error: Channel closing: too late to send/recv, messages will be lost

